<?xml version="1.0" encoding="UTF-8" ?>
<testsuite failures="0" time="15.976" errors="1" skipped="0" tests="1" name="lab.ejb.ProductDaoTest">
  <properties>
[...]
</properties>
  <testcase time="0" classname="lab.ejb.ProductDaoTest" name="lab.ejb.ProductDaoTest">
    <error message="Could not deploy to container: JBAS012144: Could not connect to remote://127.0.0.1:9999. The connection timed out" type="org.jboss.arquillian.container.spi.client.container.DeploymentException">org.jboss.arquillian.container.spi.client.container.DeploymentException: Could not deploy to container: JBAS012144: Could not connect to remote://127.0.0.1:9999. The connection timed out
	at org.jboss.as.arquillian.container.ArchiveDeployer.deploy(ArchiveDeployer.java:74)
	at org.jboss.as.arquillian.container.CommonDeployableContainer.deploy(CommonDeployableContainer.java:148)
	at org.jboss.arquillian.container.impl.client.container.ContainerDeployController$3.call(ContainerDeployController.java:161)
	at org.jboss.arquillian.container.impl.client.container.ContainerDeployController$3.call(ContainerDeployController.java:128)
	at org.jboss.arquillian.container.impl.client.container.ContainerDeployController.executeOperation(ContainerDeployController.java:271)
	at org.jboss.arquillian.container.impl.client.container.ContainerDeployController.deploy(ContainerDeployController.java:127)
	at sun.reflect.NativeMethodAccessorImpl.invoke0(Native Method)
	at sun.reflect.NativeMethodAccessorImpl.invoke(NativeMethodAccessorImpl.java:39)
	at sun.reflect.DelegatingMethodAccessorImpl.invoke(DelegatingMethodAccessorImpl.java:25)
	at java.lang.reflect.Method.invoke(Method.java:597)
	at org.jboss.arquillian.core.impl.ObserverImpl.invoke(ObserverImpl.java:94)
	at org.jboss.arquillian.core.impl.EventContextImpl.invokeObservers(EventContextImpl.java:99)
	at org.jboss.arquillian.core.impl.EventContextImpl.proceed(EventContextImpl.java:81)
	at org.jboss.arquillian.container.impl.client.container.DeploymentExceptionHandler.verifyExpectedExceptionDuringDeploy(DeploymentExceptionHandler.java:50)
	at sun.reflect.NativeMethodAccessorImpl.invoke0(Native Method)
	at sun.reflect.NativeMethodAccessorImpl.invoke(NativeMethodAccessorImpl.java:39)
	at sun.reflect.DelegatingMethodAccessorImpl.invoke(DelegatingMethodAccessorImpl.java:25)
	at java.lang.reflect.Method.invoke(Method.java:597)
	at org.jboss.arquillian.core.impl.ObserverImpl.invoke(ObserverImpl.java:94)
	at org.jboss.arquillian.core.impl.EventContextImpl.proceed(EventContextImpl.java:88)
	at org.jboss.arquillian.container.impl.client.ContainerDeploymentContextHandler.createDeploymentContext(ContainerDeploymentContextHandler.java:78)
	at sun.reflect.NativeMethodAccessorImpl.invoke0(Native Method)
	at sun.reflect.NativeMethodAccessorImpl.invoke(NativeMethodAccessorImpl.java:39)
	at sun.reflect.DelegatingMethodAccessorImpl.invoke(DelegatingMethodAccessorImpl.java:25)
	at java.lang.reflect.Method.invoke(Method.java:597)
	at org.jboss.arquillian.core.impl.ObserverImpl.invoke(ObserverImpl.java:94)
	at org.jboss.arquillian.core.impl.EventContextImpl.proceed(EventContextImpl.java:88)
	at org.jboss.arquillian.container.impl.client.ContainerDeploymentContextHandler.createContainerContext(ContainerDeploymentContextHandler.java:57)
	at sun.reflect.NativeMethodAccessorImpl.invoke0(Native Method)
	at sun.reflect.NativeMethodAccessorImpl.invoke(NativeMethodAccessorImpl.java:39)
	at sun.reflect.DelegatingMethodAccessorImpl.invoke(DelegatingMethodAccessorImpl.java:25)
	at java.lang.reflect.Method.invoke(Method.java:597)
	at org.jboss.arquillian.core.impl.ObserverImpl.invoke(ObserverImpl.java:94)
	at org.jboss.arquillian.core.impl.EventContextImpl.proceed(EventContextImpl.java:88)
	at org.jboss.arquillian.core.impl.ManagerImpl.fire(ManagerImpl.java:135)
	at org.jboss.arquillian.core.impl.ManagerImpl.fire(ManagerImpl.java:115)
	at org.jboss.arquillian.core.impl.EventImpl.fire(EventImpl.java:67)
	at org.jboss.arquillian.container.impl.client.container.ContainerDeployController$1.perform(ContainerDeployController.java:95)
	at org.jboss.arquillian.container.impl.client.container.ContainerDeployController$1.perform(ContainerDeployController.java:80)
	at org.jboss.arquillian.container.impl.client.container.ContainerDeployController.forEachDeployment(ContainerDeployController.java:263)
	at org.jboss.arquillian.container.impl.client.container.ContainerDeployController.forEachManagedDeployment(ContainerDeployController.java:239)
	at org.jboss.arquillian.container.impl.client.container.ContainerDeployController.deployManaged(ContainerDeployController.java:79)
	at sun.reflect.NativeMethodAccessorImpl.invoke0(Native Method)
	at sun.reflect.NativeMethodAccessorImpl.invoke(NativeMethodAccessorImpl.java:39)
	at sun.reflect.DelegatingMethodAccessorImpl.invoke(DelegatingMethodAccessorImpl.java:25)
	at java.lang.reflect.Method.invoke(Method.java:597)
	at org.jboss.arquillian.core.impl.ObserverImpl.invoke(ObserverImpl.java:94)
	at org.jboss.arquillian.core.impl.EventContextImpl.invokeObservers(EventContextImpl.java:99)
	at org.jboss.arquillian.core.impl.EventContextImpl.proceed(EventContextImpl.java:81)
	at org.jboss.arquillian.core.impl.ManagerImpl.fire(ManagerImpl.java:135)
	at org.jboss.arquillian.core.impl.ManagerImpl.fire(ManagerImpl.java:115)
	at org.jboss.arquillian.core.impl.EventImpl.fire(EventImpl.java:67)
	at org.jboss.arquillian.container.test.impl.client.ContainerEventController.execute(ContainerEventController.java:101)
	at sun.reflect.NativeMethodAccessorImpl.invoke0(Native Method)
	at sun.reflect.NativeMethodAccessorImpl.invoke(NativeMethodAccessorImpl.java:39)
	at sun.reflect.DelegatingMethodAccessorImpl.invoke(DelegatingMethodAccessorImpl.java:25)
	at java.lang.reflect.Method.invoke(Method.java:597)
	at org.jboss.arquillian.core.impl.ObserverImpl.invoke(ObserverImpl.java:94)
	at org.jboss.arquillian.core.impl.EventContextImpl.invokeObservers(EventContextImpl.java:99)
	at org.jboss.arquillian.core.impl.EventContextImpl.proceed(EventContextImpl.java:81)
	at org.jboss.arquillian.test.impl.TestContextHandler.createClassContext(TestContextHandler.java:75)
	at sun.reflect.NativeMethodAccessorImpl.invoke0(Native Method)
	at sun.reflect.NativeMethodAccessorImpl.invoke(NativeMethodAccessorImpl.java:39)
	at sun.reflect.DelegatingMethodAccessorImpl.invoke(DelegatingMethodAccessorImpl.java:25)
	at java.lang.reflect.Method.invoke(Method.java:597)
	at org.jboss.arquillian.core.impl.ObserverImpl.invoke(ObserverImpl.java:94)
	at org.jboss.arquillian.core.impl.EventContextImpl.proceed(EventContextImpl.java:88)
	at org.jboss.arquillian.test.impl.TestContextHandler.createSuiteContext(TestContextHandler.java:60)
	at sun.reflect.NativeMethodAccessorImpl.invoke0(Native Method)
	at sun.reflect.NativeMethodAccessorImpl.invoke(NativeMethodAccessorImpl.java:39)
	at sun.reflect.DelegatingMethodAccessorImpl.invoke(DelegatingMethodAccessorImpl.java:25)
	at java.lang.reflect.Method.invoke(Method.java:597)
	at org.jboss.arquillian.core.impl.ObserverImpl.invoke(ObserverImpl.java:94)
	at org.jboss.arquillian.core.impl.EventContextImpl.proceed(EventContextImpl.java:88)
	at org.jboss.arquillian.core.impl.ManagerImpl.fire(ManagerImpl.java:135)
	at org.jboss.arquillian.core.impl.ManagerImpl.fire(ManagerImpl.java:115)
	at org.jboss.arquillian.test.impl.EventTestRunnerAdaptor.beforeClass(EventTestRunnerAdaptor.java:80)
	at org.jboss.arquillian.junit.Arquillian$2.evaluate(Arquillian.java:182)
	at org.jboss.arquillian.junit.Arquillian.multiExecute(Arquillian.java:314)
	at org.jboss.arquillian.junit.Arquillian.access$100(Arquillian.java:46)
	at org.jboss.arquillian.junit.Arquillian$3.evaluate(Arquillian.java:199)
	at org.junit.runners.ParentRunner.run(ParentRunner.java:300)
	at org.jboss.arquillian.junit.Arquillian.run(Arquillian.java:147)
	at org.apache.maven.surefire.junit4.JUnit4TestSet.execute(JUnit4TestSet.java:53)
	at org.apache.maven.surefire.junit4.JUnit4Provider.executeTestSet(JUnit4Provider.java:123)
	at org.apache.maven.surefire.junit4.JUnit4Provider.invoke(JUnit4Provider.java:104)
	at sun.reflect.NativeMethodAccessorImpl.invoke0(Native Method)
	at sun.reflect.NativeMethodAccessorImpl.invoke(NativeMethodAccessorImpl.java:39)
	at sun.reflect.DelegatingMethodAccessorImpl.invoke(DelegatingMethodAccessorImpl.java:25)
	at java.lang.reflect.Method.invoke(Method.java:597)
	at org.apache.maven.surefire.util.ReflectionUtils.invokeMethodWithArray(ReflectionUtils.java:164)
	at org.apache.maven.surefire.booter.ProviderFactory$ProviderProxy.invoke(ProviderFactory.java:110)
	at org.apache.maven.surefire.booter.SurefireStarter.invokeProvider(SurefireStarter.java:175)
	at org.apache.maven.surefire.booter.SurefireStarter.runSuitesInProcessWhenForked(SurefireStarter.java:107)
	at org.apache.maven.surefire.booter.ForkedBooter.main(ForkedBooter.java:68)
Caused by: java.lang.RuntimeException: java.net.ConnectException: JBAS012144: Could not connect to remote://127.0.0.1:9999. The connection timed out
	at org.jboss.as.controller.client.impl.AbstractModelControllerClient.executeAsync(AbstractModelControllerClient.java:113)
	at org.jboss.as.controller.client.helpers.standalone.impl.ModelControllerClientServerDeploymentManager.executeOperation(ModelControllerClientServerDeploymentManager.java:47)
	at org.jboss.as.controller.client.helpers.standalone.impl.AbstractServerDeploymentManager.execute(AbstractServerDeploymentManager.java:79)
	at org.jboss.as.arquillian.container.ArchiveDeployer.executeDeploymentPlan(ArchiveDeployer.java:90)
	at org.jboss.as.arquillian.container.ArchiveDeployer.deploy(ArchiveDeployer.java:58)
	... 94 more
Caused by: java.net.ConnectException: JBAS012144: Could not connect to remote://127.0.0.1:9999. The connection timed out
	at org.jboss.as.protocol.ProtocolChannelClient.connectSync(ProtocolChannelClient.java:155)
	at org.jboss.as.protocol.mgmt.ManagementClientChannelStrategy$Establishing.getChannel(ManagementClientChannelStrategy.java:166)
	at org.jboss.as.controller.client.impl.RemotingModelControllerClient.getOrCreateChannel(RemotingModelControllerClient.java:137)
	at org.jboss.as.controller.client.impl.RemotingModelControllerClient$1.getChannel(RemotingModelControllerClient.java:62)
	at org.jboss.as.protocol.mgmt.ManagementChannelHandler.executeRequest(ManagementChannelHandler.java:106)
	at org.jboss.as.protocol.mgmt.ManagementChannelHandler.executeRequest(ManagementChannelHandler.java:89)
	at org.jboss.as.controller.client.impl.AbstractModelControllerClient.executeRequest(AbstractModelControllerClient.java:252)
	at org.jboss.as.controller.client.impl.AbstractModelControllerClient.execute(AbstractModelControllerClient.java:151)
	at org.jboss.as.controller.client.impl.AbstractModelControllerClient.executeAsync(AbstractModelControllerClient.java:111)
	... 98 more
</error>
    <system-err>log4j:WARN No appenders could be found for logger (org.jboss.logging).
log4j:WARN Please initialize the log4j system properly.
Nov 20, 2012 12:02:11 AM org.jboss.shrinkwrap.impl.base.exporter.zip.JdkZipExporterDelegate$1 call
WARNING: Exception encountered during export of archive
org.jboss.shrinkwrap.api.exporter.ArchiveExportException: Failed to write asset to output: /junit/extensions/TestDecorator.class
	at org.jboss.shrinkwrap.impl.base.exporter.StreamExporterDelegateBase$3.handle(StreamExporterDelegateBase.java:272)
	at org.jboss.shrinkwrap.impl.base.io.IOUtil.closeOnComplete(IOUtil.java:219)
	at org.jboss.shrinkwrap.impl.base.exporter.StreamExporterDelegateBase.processNode(StreamExporterDelegateBase.java:233)
	at org.jboss.shrinkwrap.impl.base.exporter.AbstractExporterDelegate.processNode(AbstractExporterDelegate.java:105)
	at org.jboss.shrinkwrap.impl.base.exporter.AbstractExporterDelegate.processNode(AbstractExporterDelegate.java:109)
	at org.jboss.shrinkwrap.impl.base.exporter.AbstractExporterDelegate.processNode(AbstractExporterDelegate.java:109)
	at org.jboss.shrinkwrap.impl.base.exporter.AbstractExporterDelegate.doExport(AbstractExporterDelegate.java:95)
	at org.jboss.shrinkwrap.impl.base.exporter.StreamExporterDelegateBase.access$001(StreamExporterDelegateBase.java:50)
	at org.jboss.shrinkwrap.impl.base.exporter.StreamExporterDelegateBase$1.call(StreamExporterDelegateBase.java:121)
	at org.jboss.shrinkwrap.impl.base.exporter.StreamExporterDelegateBase$1.call(StreamExporterDelegateBase.java:116)
	at org.jboss.shrinkwrap.impl.base.exporter.zip.JdkZipExporterDelegate$1.call(JdkZipExporterDelegate.java:124)
	at org.jboss.shrinkwrap.impl.base.exporter.zip.JdkZipExporterDelegate$1.call(JdkZipExporterDelegate.java:118)
	at java.util.concurrent.FutureTask$Sync.innerRun(FutureTask.java:303)
	at java.util.concurrent.FutureTask.run(FutureTask.java:138)
	at java.util.concurrent.ThreadPoolExecutor$Worker.runTask(ThreadPoolExecutor.java:886)
	at java.util.concurrent.ThreadPoolExecutor$Worker.run(ThreadPoolExecutor.java:908)
	at java.lang.Thread.run(Thread.java:680)
Caused by: java.io.IOException: Pipe closed
	at java.io.PipedInputStream.checkStateForReceive(PipedInputStream.java:244)
	at java.io.PipedInputStream.receive(PipedInputStream.java:210)
	at java.io.PipedOutputStream.write(PipedOutputStream.java:132)
	at java.util.zip.DeflaterOutputStream.deflate(DeflaterOutputStream.java:155)
	at java.util.zip.ZipOutputStream.closeEntry(ZipOutputStream.java:196)
	at org.jboss.shrinkwrap.impl.base.exporter.zip.JdkZipExporterDelegate.closeEntry(JdkZipExporterDelegate.java:84)
	at org.jboss.shrinkwrap.impl.base.exporter.zip.JdkZipExporterDelegate.closeEntry(JdkZipExporterDelegate.java:40)
	at org.jboss.shrinkwrap.impl.base.exporter.StreamExporterDelegateBase$2.execute(StreamExporterDelegateBase.java:265)
	at org.jboss.shrinkwrap.impl.base.exporter.StreamExporterDelegateBase$2.execute(StreamExporterDelegateBase.java:233)
	at org.jboss.shrinkwrap.impl.base.io.IOUtil.closeOnComplete(IOUtil.java:217)
	... 15 more
Nov 20, 2012 12:02:11 AM org.jboss.shrinkwrap.impl.base.exporter.zip.JdkZipExporterDelegate$1 call
WARNING: [SHRINKWRAP-120] Possible deadlock scenario: Got exception on closing the ZIP out stream: Pipe closed
java.io.IOException: Pipe closed
	at java.io.PipedInputStream.checkStateForReceive(PipedInputStream.java:244)
	at java.io.PipedInputStream.receive(PipedInputStream.java:185)
	at java.io.PipedOutputStream.write(PipedOutputStream.java:105)
	at java.util.zip.ZipOutputStream.writeInt(ZipOutputStream.java:445)
	at java.util.zip.ZipOutputStream.writeEXT(ZipOutputStream.java:362)
	at java.util.zip.ZipOutputStream.closeEntry(ZipOutputStream.java:220)
	at java.util.zip.ZipOutputStream.finish(ZipOutputStream.java:301)
	at java.util.zip.DeflaterOutputStream.close(DeflaterOutputStream.java:140)
	at java.util.zip.ZipOutputStream.close(ZipOutputStream.java:321)
	at org.jboss.shrinkwrap.impl.base.exporter.zip.JdkZipExporterDelegate$1.call(JdkZipExporterDelegate.java:148)
	at org.jboss.shrinkwrap.impl.base.exporter.zip.JdkZipExporterDelegate$1.call(JdkZipExporterDelegate.java:118)
	at java.util.concurrent.FutureTask$Sync.innerRun(FutureTask.java:303)
	at java.util.concurrent.FutureTask.run(FutureTask.java:138)
	at java.util.concurrent.ThreadPoolExecutor$Worker.runTask(ThreadPoolExecutor.java:886)
	at java.util.concurrent.ThreadPoolExecutor$Worker.run(ThreadPoolExecutor.java:908)
	at java.lang.Thread.run(Thread.java:680)
Nov 20, 2012 12:02:16 AM org.jboss.shrinkwrap.impl.base.exporter.zip.JdkZipExporterDelegate$1 call
WARNING: Exception encountered during export of archive
org.jboss.shrinkwrap.api.exporter.ArchiveExportException: Failed to write asset to output: /lab/ejb/ProductDao.class
	at org.jboss.shrinkwrap.impl.base.exporter.StreamExporterDelegateBase$3.handle(StreamExporterDelegateBase.java:272)
	at org.jboss.shrinkwrap.impl.base.io.IOUtil.closeOnComplete(IOUtil.java:219)
	at org.jboss.shrinkwrap.impl.base.exporter.StreamExporterDelegateBase.processNode(StreamExporterDelegateBase.java:233)
	at org.jboss.shrinkwrap.impl.base.exporter.AbstractExporterDelegate.processNode(AbstractExporterDelegate.java:105)
	at org.jboss.shrinkwrap.impl.base.exporter.AbstractExporterDelegate.processNode(AbstractExporterDelegate.java:109)
	at org.jboss.shrinkwrap.impl.base.exporter.AbstractExporterDelegate.processNode(AbstractExporterDelegate.java:109)
	at org.jboss.shrinkwrap.impl.base.exporter.AbstractExporterDelegate.doExport(AbstractExporterDelegate.java:95)
	at org.jboss.shrinkwrap.impl.base.exporter.StreamExporterDelegateBase.access$001(StreamExporterDelegateBase.java:50)
	at org.jboss.shrinkwrap.impl.base.exporter.StreamExporterDelegateBase$1.call(StreamExporterDelegateBase.java:121)
	at org.jboss.shrinkwrap.impl.base.exporter.StreamExporterDelegateBase$1.call(StreamExporterDelegateBase.java:116)
	at org.jboss.shrinkwrap.impl.base.exporter.zip.JdkZipExporterDelegate$1.call(JdkZipExporterDelegate.java:124)
	at org.jboss.shrinkwrap.impl.base.exporter.zip.JdkZipExporterDelegate$1.call(JdkZipExporterDelegate.java:118)
	at java.util.concurrent.FutureTask$Sync.innerRun(FutureTask.java:303)
	at java.util.concurrent.FutureTask.run(FutureTask.java:138)
	at java.util.concurrent.ThreadPoolExecutor$Worker.runTask(ThreadPoolExecutor.java:886)
	at java.util.concurrent.ThreadPoolExecutor$Worker.run(ThreadPoolExecutor.java:908)
	at java.lang.Thread.run(Thread.java:680)
Caused by: java.io.IOException: Pipe closed
	at java.io.PipedInputStream.checkStateForReceive(PipedInputStream.java:244)
	at java.io.PipedInputStream.receive(PipedInputStream.java:210)
	at java.io.PipedOutputStream.write(PipedOutputStream.java:132)
	at java.util.zip.DeflaterOutputStream.deflate(DeflaterOutputStream.java:155)
	at java.util.zip.ZipOutputStream.closeEntry(ZipOutputStream.java:196)
	at org.jboss.shrinkwrap.impl.base.exporter.zip.JdkZipExporterDelegate.closeEntry(JdkZipExporterDelegate.java:84)
	at org.jboss.shrinkwrap.impl.base.exporter.zip.JdkZipExporterDelegate.closeEntry(JdkZipExporterDelegate.java:40)
	at org.jboss.shrinkwrap.impl.base.exporter.StreamExporterDelegateBase$2.execute(StreamExporterDelegateBase.java:265)
	at org.jboss.shrinkwrap.impl.base.exporter.StreamExporterDelegateBase$2.execute(StreamExporterDelegateBase.java:233)
	at org.jboss.shrinkwrap.impl.base.io.IOUtil.closeOnComplete(IOUtil.java:217)
	... 15 more
Nov 20, 2012 12:02:16 AM org.jboss.shrinkwrap.impl.base.exporter.zip.JdkZipExporterDelegate$1 call
WARNING: [SHRINKWRAP-120] Possible deadlock scenario: Got exception on closing the ZIP out stream: Pipe closed
java.io.IOException: Pipe closed
	at java.io.PipedInputStream.checkStateForReceive(PipedInputStream.java:244)
	at java.io.PipedInputStream.receive(PipedInputStream.java:185)
	at java.io.PipedOutputStream.write(PipedOutputStream.java:105)
	at java.util.zip.ZipOutputStream.writeInt(ZipOutputStream.java:445)
	at java.util.zip.ZipOutputStream.writeEXT(ZipOutputStream.java:362)
	at java.util.zip.ZipOutputStream.closeEntry(ZipOutputStream.java:220)
	at java.util.zip.ZipOutputStream.finish(ZipOutputStream.java:301)
	at java.util.zip.DeflaterOutputStream.close(DeflaterOutputStream.java:140)
	at java.util.zip.ZipOutputStream.close(ZipOutputStream.java:321)
	at org.jboss.shrinkwrap.impl.base.exporter.zip.JdkZipExporterDelegate$1.call(JdkZipExporterDelegate.java:148)
	at org.jboss.shrinkwrap.impl.base.exporter.zip.JdkZipExporterDelegate$1.call(JdkZipExporterDelegate.java:118)
	at java.util.concurrent.FutureTask$Sync.innerRun(FutureTask.java:303)
	at java.util.concurrent.FutureTask.run(FutureTask.java:138)
	at java.util.concurrent.ThreadPoolExecutor$Worker.runTask(ThreadPoolExecutor.java:886)
	at java.util.concurrent.ThreadPoolExecutor$Worker.run(ThreadPoolExecutor.java:908)
	at java.lang.Thread.run(Thread.java:680)
</system-err>
  </testcase>
</testsuite>